<?xml version="1.0" encoding="UTF-8"?>
<testsuite name="Scenario: creation fails with already taken username and valid password" tests="4" skipped="0" failures="0" errors="0" timestamp="2017-11-14T13:40:55" hostname="fuxi16" time="0.005">
  <properties/>
  <testcase name="Given command new user is selected" classname="Scenario: creation fails with already taken username and valid password" time="0.0"/>
  <testcase name="When username &quot;pekka&quot; and password &quot;jamo&quot; are entered" classname="Scenario: creation fails with already taken username and valid password" time="0.0"/>
  <testcase name="Then system will respond with &quot;new user not registered&quot;" classname="Scenario: creation fails with already taken username and valid password" time="0.0"/>
  <testcase name="classMethod" classname="Scenario: creation fails with already taken username and valid password" time="0.007"/>
  <system-out><![CDATA[
  Scenario: creation is successful with valid username and a password with special character ?[90m# ohtu/new_user.feature:8?[0m
    ?[32mGiven ?[0m?[32mcommand new user is selected?[0m                                                       ?[90m# Stepdefs.command_new_user_is_selected()?[0m
    ?[32mWhen ?[0m?[32musername "?[0m?[32m?[1mmikko?[0m?[32m" and password "?[0m?[32m?[1mokkimaa!?[0m?[32m" are entered?[0m                                ?[90m# Stepdefs.a_username_and_password_are_entered(String,String)?[0m
    ?[31mThen ?[0m?[31msystem will respond with "?[0m?[31m?[1mnew user registered?[0m?[31m"?[0m                                      ?[90m# Stepdefs.system_will_respond_with(String)?[0m
      ?[31mjava.lang.AssertionError
      	at org.junit.Assert.fail(Assert.java:86)
      	at org.junit.Assert.assertTrue(Assert.java:41)
      	at org.junit.Assert.assertTrue(Assert.java:52)
      	at ohtu.Stepdefs.system_will_respond_with(Stepdefs.java:53)
      	at ✽.Then system will respond with "new user registered"(ohtu/new_user.feature:11)
      ?[0m
]]></system-out>
  <system-err><![CDATA[]]></system-err>
</testsuite>
