<?xml version="1.0" encoding="UTF-8"?>
<testsuite name="ohtu.RunCukesTest" tests="0" skipped="0" failures="0" errors="0" timestamp="1970-01-01T00:00:00" hostname="fuxi16" time="0.0">
  <properties/>
  <system-out><![CDATA[Feature: User can log in with valid username/password-combination

  Scenario: nonexistent user can not login to                  ?[90m# ohtu/login.feature:14?[0m
    ?[32mGiven ?[0m?[32mcommand login is selected?[0m                            ?[90m# Stepdefs.command_login_selected()?[0m
    ?[32mWhen ?[0m?[32musername "?[0m?[32m?[1mtimo?[0m?[32m" and password "?[0m?[32m?[1mei?[0m?[32m" are entered?[0m         ?[90m# Stepdefs.a_username_and_password_are_entered(String,String)?[0m
    ?[32mThen ?[0m?[32msystem will respond with "?[0m?[32m?[1mwrong username or password?[0m?[32m"?[0m ?[90m# Stepdefs.system_will_respond_with(String)?[0m
Feature: A new user account can be created if a proper unused username and password are given

  Scenario: can login with successfully generated account     ?[90m# ohtu/new_user.feature:37?[0m
    ?[32mGiven ?[0m?[32muser "eero" with password "salainen1" is created?[0m    ?[90m# Stepdefs.user_eero_with_new_password_salainen1_is_created()?[0m
    ?[32mAnd ?[0m?[32mcommand login is selected?[0m                             ?[90m# Stepdefs.command_login_selected()?[0m
    ?[32mWhen ?[0m?[32musername "?[0m?[32m?[1meero?[0m?[32m" and password "?[0m?[32m?[1msalainen1?[0m?[32m" are entered?[0m ?[90m# Stepdefs.a_username_and_password_are_entered(String,String)?[0m
    ?[32mThen ?[0m?[32msystem will respond with "?[0m?[32m?[1mnew user registered?[0m?[32m"?[0m       ?[90m# Stepdefs.system_will_respond_with(String)?[0m

?[31mFailed scenarios:?[0m
?[31mohtu/new_user.feature:8 ?[0m# Scenario: creation is successful with valid username and a password with special character

10 Scenarios (?[31m1 failed?[0m, ?[32m9 passed?[0m)
31 Steps (?[31m1 failed?[0m, ?[32m30 passed?[0m)
0m0.121s

java.lang.AssertionError
	at org.junit.Assert.fail(Assert.java:86)
	at org.junit.Assert.assertTrue(Assert.java:41)
	at org.junit.Assert.assertTrue(Assert.java:52)
	at ohtu.Stepdefs.system_will_respond_with(Stepdefs.java:53)
	at ✽.Then system will respond with "new user registered"(ohtu/new_user.feature:11)

]]></system-out>
  <system-err><![CDATA[]]></system-err>
</testsuite>
